                                 - isr-stubs -                        Page    1

    1                           //--------------------------------------------
                                ----------------------------------
    2                           // @file hal/micro/cortexm3/isr-stubs.s79
    3                           // @brief Stubs for all exception handlers
                                 (ISRs)
    4                           // 
    5                           // NOTE: You should NOT have to change this
                                 file to instatiate your own ISR!
    6                           //
    7                           // By providing a *weak* function here, every
                                 vector in the interrupt table is
    8                           // guaranteed to be defined.  These functions
                                 will be overridden during link
    9                           // time whenever the same function (symbol)
                                 name is used normally in another
   10                           // source file.
   11                           //
   12                           // RESULT:  Simply define whichever ISRs you
                                 need in your application and this
   13                           // file will fill in the gaps during
                                 linking.
   14                           //
   15                           // Author: Brooks Barrett
   16                           // Copyright 2007 by Ember Corporation. All
                                 rights reserved.                *80*
   17                           //--------------------------------------------
                                ----------------------------------
   18                           
   19                           //Normally the default NVIC_CONFIG file would
                                 be defined in the PLATFORM_HEADER
   20                           //but this assembly file does not include the
                                 PLATFORM_HEADER (it can't
   21                           //because this is assembly, and the header is
                                 for c).
   22                           #ifndef NVIC_CONFIG
   23                             #ifdef EZR32LG230F256
   24                               #define NVIC_CONFIG "hal/micro/cortexm3/ef
                                m32/ezr32lg230f256/nvic-config.h"
   25                             #elif (defined EZR32LG330F256)
   26                               #define NVIC_CONFIG "hal/micro/cortexm3/ef
                                m32/ezr32lg330f256/nvic-config.h"
   27                             #elif (defined EZR32WG230F256)
   28                               #define NVIC_CONFIG "hal/micro/cortexm3/ef
                                m32/ezr32wg330f256/nvic-config.h"
   29                             #elif (defined EZR32WG330F256)
   30                               #define NVIC_CONFIG "hal/micro/cortexm3/ef
                                m32/ezr32wg330f256/nvic-config.h"
   31                             #elif (defined EZR32HG230F256)
   32                               #define NVIC_CONFIG "hal/micro/cortexm3/ef
                                m32/ezr32hg330f256/nvic-config.h"
   33                             #elif (defined EZR32HG330F256)
   34                               #define NVIC_CONFIG "hal/micro/cortexm3/ef
                                m32/ezr32hg330f256/nvic-config.h"
   35                             #elif defined (CORTEXM3_EFR32_MICRO)
   36                               #define NVIC_CONFIG "hal/micro/cortexm3/ef
                                m32/efr32/nvic-config.h"
   37                             #endif
   38                           #endif
   39                           #include "../compiler/asm.h"
   40                           
   41                           #define SEGMENT() \
   43                           #define SEGMENT2() \
   45                           // NOTE: Any use of white space in this file
                                 is ignored by the preprocessor.
   46                           //       Since assembly files have white space
                                 requirements, the white space
   47                           //       needed is implemented in the
                                 nvic-config.h file itself.
   48                           
   49                           #define EXCEPTION(vectorNumber, functionName,
                                 priorityLevel, subpriority) \
   51                           #define PERM_EXCEPTION(vectorNumber,
                                 functionName, priorityLevel)
   52                           #include NVIC_CONFIG
   53                           #undef  PERM_EXCEPTION
   54                           #undef  EXCEPTION
   55                           
   56                           
                                 - isr-stubs -                        Page    2

   57                           
   58                           #define EXCEPTION(vectorNumber, functionName,
                                 priorityLevel, subpriority) \
   60                           #define PERM_EXCEPTION(vectorNumber,
                                 functionName, priorityLevel)
   61                           #include NVIC_CONFIG
   62                           #undef  PERM_EXCEPTION
   63                           #undef  EXCEPTION
   64                           
   65                           
   66                           // Every function defined above will reference
                                 the following code
   67                           // Since each function is still defined
                                 PUBWEAK with its own segment, the
   68                           // linker will still do it's job and stub out
                                 only the functions that need it.
   69                           // By having all the stubs reference the same
                                 code, we save 96 bytes!
   70                                   __IMPORT__ uninitializedIsr
   71    00000000 ........              B   uninitializedIsr
   72                           
   73                           
   74                                   __END__
##############################
#           CRC:0            #
#        Errors:   0         #
#        Warnings: 0         #
#          Bytes: 4          #
##############################



